
[2025-09-06T11:42:13.980Z] Douban info for 'Westworld Season Four: The Choice Complete Pack': {"title":"西部世界 第四季 Westworld Season 4","datePublished":"2022","rating":7.7,"image":"https://img3.doubanio.com/view/photo/s_ratio_poster/public/p2874119367.webp","url":"/subject/35042913/","detailsText":"导演: 克雷格·麦克尼尔 / 理查德·J·刘易斯 / 保罗·卡梅隆 / 哈内尔·M·卡尔佩珀 / 蜜拉·梅农 / 安德鲁·塞克利尔更多...\n        编剧: 乔纳森·诺兰 / 丽莎·乔伊 / 苏珊娜·鲁贝尔 / 乔丹·戈登伯格 / 凯文·刘 / 艾莉森·沙普克 / 克里斯蒂娜·哈姆 / Will Soodik / Alli Rock / Matt Pitts / Wes Humphrey / Desa Larkin-Boutté更多...\n        主演: 埃文·蕾切尔·伍德 / 坦迪·牛顿 / 杰弗里·怀特 / 亚伦·保尔 / 艾德·哈里斯 / 詹姆斯·麦斯登 / 吴彦祖 / 曼尼·蒙塔纳 / 阿丽亚娜·德博斯 / 奥罗拉·佩里诺 / 吉姆·科迪·威廉姆斯 / 丽贝卡·拉迪西奇 / Maynard Bagang / Brandon Sklenar / Cronin Cullen / Masashi Ishizuka / Mateo Montez更多...\n        类型: 剧情 / 科幻 / 悬疑\n        官方网站: https://www.hbo.com/westworld/season-4\n        制片国家/地区: 美国\n        语言: 英语\n        首播: 2022-06-26(美国)\n        季数: 4\n        集数: 8\n        单集片长: 60分钟\n        又名: 西部世界最终季 / 西方极乐园(台)\n        IMDb: tt12191076"}
[2025-09-06T11:42:34.743Z] Title mismatch for 'Westworld Season Three: The New World Complete Pack': not found in douban title/details

[2025-09-06T11:42:54.479Z] Title mismatch for 'Westworld Season Two: The Door Complete Pack': not found in douban title/details
[2025-09-06T11:42:54.479Z] Douban info for 'Westworld Season Two: The Door Complete Pack': {"title":"西部世界 第二季 Westworld Season 2","datePublished":"2018","rating":8.8,"image":"https://img3.doubanio.com/view/photo/s_ratio_poster/public/p2517077652.webp","url":"/subject/26887174/","detailsText":"导演: 理查德·J·刘易斯 / 文森佐·纳塔利 / 丽莎·乔伊 / 克雷格·佐贝尔 / 塔里克·萨利赫 / 妮可·卡索 / 乌塔·布里泽维茨 / 斯蒂芬·威廉姆斯 / 弗雷德里克·E·O·托耶更多...\n        编剧: 乔纳森·诺兰 / 丽莎·乔伊 / 卡莉·雷 / 罗恩·菲茨杰拉德 / 吉娜·阿特沃特 / 丹·迪茨 / 乔丹·戈登伯格 / 迈克尔·克莱顿 / 罗伯托·帕蒂诺更多...\n        主演: 埃文·蕾切尔·伍德 / 坦迪·牛顿 / 詹姆斯·麦斯登 / 吉米·辛普森 / 妲露拉·莱莉 / 卡佳·赫尔伯斯 / 艾德·哈里斯 / 乔纳森·塔克 / 杰弗里·怀特 / 路易斯·赫特哈姆 / 尼尔·杰克逊 / 古斯塔·斯卡斯加德 / 法瑞斯·法瑞斯 / 贝蒂·加布里埃尔 / 真田广之 / 本·巴恩斯 / 泰莎·汤普森 / 冈本多绪 / 茱莉亚·琼斯 / 扎恩·迈克拉农 / 卢克·海姆斯沃斯 / 西蒙·夸特曼 / 罗德里戈·桑托罗 / 史蒂文·奥格 / 菊地凛子 / 小克利夫顿·克林斯更多...\n        类型: 科幻 / 西部\n        官方网站: www.hbo.com/westworld\n        制片国家/地区: 美国\n        语言: 英语\n        首播: 2018-04-22(美国)\n        季数: 2\n        集数: 10\n        单集片长: 60分钟\n        又名: 西方极乐园\n        IMDb: tt6243294"}
[2025-09-06T11:43:18.327Z] Title mismatch for 'Westworld Season One: The Maze Complete Pack': not found in douban title/details
[2025-09-06T11:43:18.328Z] Douban info for 'Westworld Season One: The Maze Complete Pack': {"title":"西部世界 第一季 Westworld Season 1","datePublished":"2016","rating":8.9,"image":"https://img3.doubanio.com/view/photo/s_ratio_poster/public/p2403347953.webp","url":"/subject/2338055/","detailsText":"导演: 乔纳森·诺兰 / 强尼·坎贝尔 / 理查德·J·刘易斯 / 米歇尔·麦克拉伦 / 尼尔·马歇尔 / 文森佐·纳塔利 / 弗雷德里克·E·O·托耶 / 斯蒂芬·威廉姆斯更多...\n        编剧: 乔纳森·诺兰 / 丽莎·乔伊 / 迈克尔·克莱顿 / 爱德·布鲁贝克 / 多米尼克·米切尔 / 哈莉·韦格林·格罗斯 / 游朝凯 / 丹·迪茨 / 凯茜·林根费尔特 / 丹尼尔·T·汤姆森更多...\n        主演: 埃文·蕾切尔·伍德 / 安东尼·霍普金斯 / 艾德·哈里斯 / 坦迪·牛顿 / 杰弗里·怀特 / 吉米·辛普森 / 詹姆斯·麦斯登 / 本·巴恩斯 / 英格丽德·波尔索·贝达尔 / 卢克·海姆斯沃斯 / 西瑟·巴比特·科努德森 / 安吉拉·萨拉弗安 / 珊农·沃德华德 / 西蒙·夸特曼 / 小克利夫顿·克林斯 / 罗德里戈·桑托罗 / 奥利弗·贝尔 / 莱昂纳多·吴 / 詹姆斯·兰德里·赫伯特 / 路易斯·赫特哈姆 / 杰弗里·丹尼尔·菲利普斯 / 泰莎·汤普森 / 米兰达·奥图 / 库里·格拉汉姆 / 凯尔·博恩海默 / 凯姬·迈克拉瑞 / 奥利维亚·梅 / 杰姬·摩尔 / 妲露拉·莱莉 / 史蒂文·奥格 / 罗比·史密斯 / 乔什·克拉克 / 梅森·麦卡利 / 布兰登·范弗利特 / 莉娜·乔格斯 / 吉米·索瑞茜莉更多...\n        类型: 科幻 / 西部\n        官方网站: www.hbo.com/westworld\n        制片国家/地区: 美国\n        语言: 英语\n        首播: 2016-10-02(美国)\n        季数: 1\n        集数: 10\n        单集片长: 60分钟\n        又名: 西方极乐园\n        IMDb: tt0475784"}
[2025-09-06T11:43:41.496Z] Title mismatch for 'Game of Thrones Season 8 Complete Pack': not found in douban title/details
[2025-09-06T11:43:41.497Z] Douban info for 'Game of Thrones Season 8 Complete Pack': {"title":"权力的游戏 第八季 Game of Thrones Season 8","datePublished":"2019","rating":6,"image":"https://img9.doubanio.com/view/photo/s_ratio_poster/public/p2553679104.webp","url":"/subject/26584183/","detailsText":"导演: 米格尔·萨普什尼克 / 大卫·努特尔 / 戴维·贝尼奥夫 / D·B·威斯\n        编剧: 戴维·贝尼奥夫 / D·B·威斯 / 乔治·马丁 / 戴夫·希尔 / 布莱恩·考格曼\n        主演: 艾米莉亚·克拉克 / 基特·哈灵顿 / 彼特·丁拉基 / 苏菲·特纳 / 麦茜·威廉姆斯 / 琳娜·海蒂 / 伊萨克·亨普斯特德-怀特 / 尼古拉·科斯特-瓦尔道 / 约翰·布莱德利 / 阿尔菲·艾伦 / 皮鲁·埃斯贝克 / 格温多兰·克里斯蒂 / 利亚姆·坎宁安 / 娜塔莉·伊曼纽尔 / 康勒斯·希尔 / 罗伊·麦克凯恩 / 杰罗姆·弗林 / 克里斯托弗·海维尤 / 约瑟夫·戴浦西 / 雅各布·安德森 / 伊恩·格雷 / 安东·莱瑟 / 理查德·多默 / 杰玛·韦兰 / 本·克朗普顿 / 哈弗波·朱利尔斯·比昂森 / 丹尼尔·波特曼 / 鲁珀特·范西塔特 / 贝拉·拉姆齐更多...\n        类型: 剧情 / 奇幻 / 冒险\n        \n        制片国家/地区: 美国\n        语言: 英语\n        首播: 2019-04-14(美国)\n        季数: 8\n        集数: 6\n        单集片长: 60分钟(E1-E2) / 80分钟(E3-E6)\n        又名: 冰与火之歌 第八季 / 权游8 / Game of Thrones: The Final Season\n        IMDb: tt5924366"}
[2025-09-06T11:44:04.653Z] Title mismatch for 'Game of Thrones Season 7 Complete Pack': not found in douban title/details
[2025-09-06T11:44:04.654Z] Douban info for 'Game of Thrones Season 7 Complete Pack': {"title":"权力的游戏 第七季 Game of Thrones Season 7","datePublished":"2017","rating":9.2,"image":"https://img1.doubanio.com/view/photo/s_ratio_poster/public/p2462245619.webp","url":"/subject/26235354/","detailsText":"导演: 杰雷米·波德斯瓦 / 马克·梅罗德 / 马特·沙克曼 / 阿兰·泰勒\n        编剧: 布莱恩·考格曼 / 戴维·贝尼奥夫 / 戴夫·希尔 / D·B·威斯 / 乔治·马丁\n        主演: 艾米莉亚·克拉克 / 基特·哈灵顿 / 彼特·丁拉基 / 苏菲·特纳 / 麦茜·威廉姆斯 / 琳娜·海蒂 / 伊萨克·亨普斯特德-怀特 / 尼古拉·科斯特-瓦尔道 / 约翰·布莱德利 / 阿尔菲·艾伦 / 皮鲁·埃斯贝克 / 吉姆·布劳德本特 / 格温多兰·克里斯蒂 / 利亚姆·坎宁安 / 娜塔莉·伊曼纽尔 / 杰罗姆·弗林 / 艾丹·吉伦 / 艾德·希兰 / 伊恩·格雷 / 康勒斯·希尔 / 克里斯托弗·海维尤 / 罗伊·麦克凯恩 / 汉娜·穆雷 / 卡里斯·范·侯登 / 因迪拉·瓦玛 / 杰玛·韦兰 / 汤姆·弗拉席亚 / 贝拉·拉姆齐 / 黛安娜·里格 / 安东·莱瑟 / 雅各布·安德森 / 凯莎·卡斯特-休伊斯 / 罗莎贝尔·劳伦蒂·塞勒斯 / 杰西卡·亨维克 / 哈弗波·朱利尔斯·比昂森 / 蒂姆·麦克纳尼 / 詹姆斯·福克纳 / 鲁珀特·范西塔特 / 汤姆·霍珀更多...\n        类型: 剧情 / 奇幻 / 冒险\n        官方网站: www.hbo.com/game-of-thrones\n        制片国家/地区: 美国\n        语言: 英语\n        首播: 2017-07-16(美国)\n        季数: 7\n        集数: 7\n        单集片长: 60分钟\n        又名: 冰与火之歌：权力的游戏 / 王座游戏 / A Song of Ice and Fire: Game of Thrones\n        IMDb: tt5654088"}
[2025-09-06T11:44:24.680Z] Title mismatch for 'Game of Thrones Season 6 Complete Pack': not found in douban title/details
[2025-09-06T11:44:24.681Z] Douban info for 'Game of Thrones Season 6 Complete Pack': {"title":"权力的游戏 第六季 Game of Thrones Season 6","datePublished":"2016","rating":9.5,"image":"https://img1.doubanio.com/view/photo/s_ratio_poster/public/p2321971908.webp","url":"/subject/25862357/","detailsText":"导演: 杰雷米·波德斯瓦 / 杰克·本德 / 马克·梅罗德 / 丹尼尔·沙克海姆 / 米格尔·萨普什尼克\n        编剧: 戴维·贝尼奥夫 / D·B·威斯 / 乔治·马丁\n        主演: 麦茜·威廉姆斯 / 艾米莉亚·克拉克 / 伊萨克·亨普斯特德-怀特 / 彼特·丁拉基 / 苏菲·特纳 / 克里斯蒂安·奈恩 / 阿尔菲·艾伦 / 琳娜·海蒂 / 尼古拉·科斯特-瓦尔道 / 利亚姆·坎宁安 / 娜塔莉·多默尔 / 艾丹·吉伦 / 马克斯·冯·叙多夫 / 伊恩·麦柯肖恩 / 皮鲁·埃斯贝克 / 弗雷迪·史卓玛 / 雅各布·安德森 / 伊万·瑞恩 / 罗杰·阿什顿-格里菲斯 / 瑞贝卡·本森 / 大卫·布拉德利 / 约翰·布莱德利 / 阿特·帕金森 / 迈克尔·麦克埃尔哈顿 / 米希尔·赫伊斯曼 / 凯莎·卡斯特-休伊斯 / 丹尼尔·波特曼 / 迪恩-查尔斯·查普曼 / 格温多兰·克里斯蒂 / 乔纳森·普雷斯 / 恩佐·科伦蒂 / 埃茜·戴维斯 / 利诺·法希奥利 / 詹姆斯·福克纳 / 杰罗姆·弗林 / 伊恩·格雷 / 朱利安·格洛弗 / 杰西卡·亨维克 / 康勒斯·希尔 / 克里斯托弗·海维尤 / 菲恩·琼斯 / 艾丽·肯德里克 / 罗莎贝尔·劳伦蒂·塞勒斯 / 安东·莱瑟 / 费伊·马赛 / 托比亚斯·门基斯 / 汉娜·穆雷 / 道比·欧帕瑞 / 黛安娜·里格 / 安德烈·克劳德 / 托比·塞巴斯蒂安 / 亚历山大·希迪格 / 尤金·西蒙 / 欧文·蒂尔 / 娜塔丽·特纳 / 卡里斯·范·侯登 / 鲁珀特·范西塔特 / 因迪拉·瓦玛 / 杰玛·韦兰 / 伊恩·怀特 / 汤姆·弗拉席亚 / 基特·哈灵顿 / 哈弗波·朱利尔斯·比昂森 / 瑞奇·查普 / 本·克朗普顿 / 凯文·埃尔登 / 伊恩·盖尔德 / 迪恩·S·贾格尔 / Ian Gelder更多...\n        类型: 剧情 / 战争 / 奇幻 / 冒险\n        官方网站: www.hbo.com/game-of-thrones\n        制片国家/地区: 美国 / 英国\n        语言: 英语\n        首播: 2016-04-24(美国)\n        季数: 6\n        集数: 10\n        单集片长: 60分钟\n        又名: 冰与火之歌：权力的游戏 第六季 / 王座游戏 第六季 / A Song of Ice and Fire: Game of Thrones Season 6\n        IMDb: tt3658014"}
[2025-09-06T11:44:45.599Z] Title mismatch for 'Game of Thrones Season 5 Complete Pack': not found in douban title/details
[2025-09-06T11:44:45.600Z] Douban info for 'Game of Thrones Season 5 Complete Pack': {"title":"权力的游戏 第五季 Game of Thrones Season 5","datePublished":"2015","rating":9.4,"image":"https://img3.doubanio.com/view/photo/s_ratio_poster/public/p2230256732.webp","url":"/subject/25826612/","detailsText":"导演: 迈克尔·斯洛维斯 / 马克·梅罗德 / 杰雷米·波德斯瓦 / 米格尔·萨普什尼克 / 大卫·努特尔\n        编剧: 戴维·贝尼奥夫 / D·B·威斯 / 乔治·马丁\n        主演: 艾米莉亚·克拉克 / 彼特·丁拉基 / 基特·哈灵顿 / 琳娜·海蒂 / 尼古拉·科斯特-瓦尔道 / 麦茜·威廉姆斯 / 苏菲·特纳 / 娜塔莉·多默尔 / 艾丹·吉伦 / 斯蒂芬·迪兰 / 约翰·布莱德利 / 娜塔莉·伊曼纽尔 / 格温多兰·克里斯蒂 / 伊恩·格雷 / 阿尔菲·艾伦 / 米希尔·赫伊斯曼 / 朱利安·格洛弗 / 伊恩·麦克尔希尼 / 卡里斯·范·侯登 / 亚历山大·希迪格 / 乔纳森·普雷斯 / 凯莎·卡斯特-休伊斯 / 托比·塞巴斯蒂安 / 尼尔·泰格·弗莉 / 道比·欧帕瑞 / 恩佐·科伦蒂 / 杰西卡·亨维克 / 罗莎贝尔·劳伦蒂·塞勒斯 / 马克·加蒂斯更多...\n        类型: 剧情 / 奇幻 / 冒险\n        官方网站: www.hbo.com/game-of-thrones\n        制片国家/地区: 美国\n        语言: 英语\n        首播: 2015-04-12(美国)\n        季数: 5\n        集数: 10\n        单集片长: 60分钟\n        又名: 冰与火之歌：权力的游戏 第五季 / 王座游戏 第五季 / A Song of Ice and Fire: Game of Thrones Season 5\n        IMDb: tt3658012"}
[2025-09-06T11:45:09.123Z] Title mismatch for 'Game of Thrones Season 4 Complete Pack': not found in douban title/details
[2025-09-06T11:45:09.124Z] Douban info for 'Game of Thrones Season 4 Complete Pack': {"title":"权力的游戏 第四季 Game of Thrones Season 4","datePublished":"2014","rating":9.6,"image":"https://img1.doubanio.com/view/photo/s_ratio_poster/public/p2172313849.webp","url":"/subject/23232876/","detailsText":"导演: D·B·威斯 / 艾利克斯·格雷夫斯 / 米歇尔·麦克拉伦 / 阿利克·萨哈罗夫 / 尼尔·马歇尔\n        编剧: 戴维·贝尼奥夫 / D·B·威斯 / 乔治·马丁\n        主演: 彼特·丁拉基 / 尼古拉·科斯特-瓦尔道 / 琳娜·海蒂 / 艾米莉亚·克拉克 / 基特·哈灵顿 / 查尔斯·丹斯 / 娜塔莉·多默尔 / 杰克·格里森 / 苏菲·特纳 / 麦茜·威廉姆斯 / 约翰·布莱德利 / 伊萨克·亨普斯特德-怀特 / 露丝·莱斯利 / 克里斯托弗·海维尤 / 罗伊·麦克凯恩 / 格温多兰·克里斯蒂 / 伊恩·格雷 / 阿尔菲·艾伦 / 克里斯蒂安·奈恩 / 米希尔·赫伊斯曼 / 艾丹·吉伦 / 杰罗姆·弗林 / 西贝尔·凯基莉 / 朱利安·格洛弗 / 伊恩·麦克尔希尼 / 卡里斯·范·侯登更多...\n        类型: 剧情 / 奇幻 / 冒险\n        官方网站: www.hbo.com/game-of-thrones\n        制片国家/地区: 美国 / 英国\n        语言: 英语\n        首播: 2014-04-06(美国)\n        季数: 4\n        集数: 10\n        单集片长: 60分钟\n        又名: 冰与火之歌：权力的游戏 第四季 / 王座游戏 第四季 / A Song of Ice and Fire: Game of Thrones Season 4\n        IMDb: tt2816136"}
[2025-09-06T11:45:33.530Z] Title mismatch for 'Game of Thrones Season 3 Complete Pack': not found in douban title/details
[2025-09-06T11:45:33.531Z] Douban info for 'Game of Thrones Season 3 Complete Pack': {"title":"权力的游戏 第三季 Game of Thrones Season 3","datePublished":"2013","rating":9.5,"image":"https://img3.doubanio.com/view/photo/s_ratio_poster/public/p1884199062.webp","url":"/subject/10590706/","detailsText":"导演: 丹尼尔·米纳汉 / 戴维·贝尼奥夫 / 艾利克斯·格雷夫斯 / 阿利克·萨哈罗夫 / 米歇尔·麦克拉伦 / 大卫·努特尔更多...\n        编剧: 戴维·贝尼奥夫 / D·B·威斯 / 乔治·马丁\n        主演: 麦茜·威廉姆斯 / 艾米莉亚·克拉克 / 理查德·麦登 / 伊萨克·亨普斯特德-怀特 / 斯蒂芬·迪兰 / 彼特·丁拉基 / 尼古拉·科斯特-瓦尔道 / 杰克·格里森 / 基特·哈灵顿 / 苏菲·特纳 / 托马斯·布罗迪-桑斯特 / 约瑟夫·戴浦西 / 娜塔丽·特纳 / 汉娜·穆雷 / 娜塔莉·多默尔更多...\n        类型: 剧情 / 奇幻 / 冒险\n        官方网站: www.hbo.com/game-of-thrones\n        制片国家/地区: 美国 / 英国\n        语言: 英语\n        首播: 2013-03-31(美国)\n        季数: 3\n        集数: 10\n        单集片长: 60分钟\n        又名: 冰与火之歌：权力的游戏 第三季 / 王座游戏 第三季 / A Song of Ice and Fire: Game of Thrones Season 3\n        IMDb: tt2178782"}
[2025-09-06T11:45:55.472Z] Title mismatch for 'Game of Thrones Season 2 Complete Pack': not found in douban title/details
[2025-09-06T11:45:55.472Z] Douban info for 'Game of Thrones Season 2 Complete Pack': {"title":"权力的游戏  第二季 Game of Thrones Season 2","datePublished":"2012","rating":9.5,"image":"https://img1.doubanio.com/view/photo/s_ratio_poster/public/p1441478479.webp","url":"/subject/6558062/","detailsText":"导演: 阿兰·泰勒 / 阿利克·萨哈罗夫 / 大卫·彼特拉克 / 大卫·努特尔 / 尼尔·马歇尔\n        编剧: 乔治·马丁 / 戴维·贝尼奥夫 / D·B·威斯\n        主演: 麦茜·威廉姆斯 / 艾米莉亚·克拉克 / 理查德·麦登 / 伊萨克·亨普斯特德-怀特 / 斯蒂芬·迪兰 / 彼特·丁拉基 / 汉娜·穆雷 / 露丝·莱斯利 / 苏菲·特纳 / 查尔斯·丹斯 / 约瑟夫·戴浦西 / 娜塔丽·特纳更多...\n        类型: 剧情 / 奇幻 / 冒险\n        官方网站: www.hbo.com/game-of-thrones\n        制片国家/地区: 美国 / 英国\n        语言: 英语\n        首播: 2012-04-01(美国)\n        季数: 2\n        集数: 10\n        单集片长: 60分钟\n        又名: 冰与火之歌：权力的游戏 第二季 / 王座游戏 第二季\n        IMDb: tt1971833"}
[2025-09-06T11:46:17.623Z] Title mismatch for 'Game of Thrones Season 1 Complete Pack': not found in douban title/details
[2025-09-06T11:46:17.624Z] Douban info for 'Game of Thrones Season 1 Complete Pack': {"title":"权力的游戏 第一季 Game of Thrones Season 1","datePublished":"2011","rating":9.5,"image":"https://img1.doubanio.com/view/photo/s_ratio_poster/public/p896064368.webp","url":"/subject/3016187/","detailsText":"导演: 蒂莫西·范·帕腾 / 布莱恩·柯克 / 丹尼尔·米纳汉 / 阿兰·泰勒\n        编剧: 戴维·贝尼奥夫 / D·B·威斯 / 乔治·马丁\n        主演: 肖恩·宾 / 米歇尔·费尔利 / 琳娜·海蒂 / 彼特·丁拉基 / 艾米莉亚·克拉克 / 基特·哈灵顿 / 苏菲·特纳 / 麦茜·威廉姆斯 / 尼古拉·科斯特-瓦尔道 / 伊恩·格雷 / 约翰·布莱德利更多...\n        类型: 剧情 / 奇幻 / 冒险\n        官方网站: www.hbo.com/game-of-thrones\n        制片国家/地区: 美国 / 英国\n        语言: 英语 / 多斯拉克语\n        首播: 2011-04-17(美国)\n        季数: 1\n        集数: 10\n        单集片长: 60分钟\n        又名: 冰与火之歌：权力的游戏 第一季 / 王座游戏 第一季 / A Song of Ice and Fire: Game of Thrones Season 1\n        IMDb: tt0944947"}
[2025-09-06T11:46:38.003Z] Title mismatch for 'Breaking Bad Season 5 Complete Pack': not found in douban title/details
[2025-09-06T11:46:38.004Z] Douban info for 'Breaking Bad Season 5 Complete Pack': {"title":"绝命毒师  第五季 Breaking Bad Season 5","datePublished":"2012","rating":9.7,"image":"https://img3.doubanio.com/view/photo/s_ratio_poster/public/p1579021082.webp","url":"/subject/6952149/","detailsText":"导演: 迈克尔·斯洛维斯 / 米歇尔·麦克拉伦 / 亚当·伯恩斯坦 / 莱恩·约翰逊 / 乔治·马斯塔斯 / 科林·巴克西 / 托马斯·施纳泽 / 布莱恩·克兰斯顿 / 山姆·卡特林 / 皮特·古尔德 / 文斯·吉里根更多...\n        编剧: 文斯·吉里根 / 皮特·古尔德 / 山姆·卡特林 / 乔治·马斯塔斯 / 珍妮弗·哈奇森 / 托马斯·施纳泽 / 莫伊拉·沃利-贝克特更多...\n        主演: 布莱恩·克兰斯顿 / 亚伦·保尔 / 安娜·冈 / 迪恩·诺里斯 / 贝琪·勃兰特 / RJ·米特 / 鲍勃·奥登科克 / 乔纳森·班克斯 / 克里斯托弗·科辛斯 / 劳拉·弗雷泽 / 杰西·普莱蒙 / 艾米莉·里奥斯更多...\n        类型: 剧情 / 犯罪\n        官方网站: www.amctv.com/shows/breaking-bad\n        制片国家/地区: 美国\n        语言: 英语 / 西班牙语 / 德语\n        首播: 2012-07-15(美国)\n        季数: 5\n        集数: 16\n        单集片长: 45分钟\n        又名: 超越罪恶 第五季 / 制毒师 第五季\n        IMDb: tt2081647"}
[2025-09-06T11:46:58.827Z] Title mismatch for 'Breaking Bad Season 4 Complete Pack': not found in douban title/details
[2025-09-06T11:46:58.827Z] Douban info for 'Breaking Bad Season 4 Complete Pack': {"title":"绝命毒师  第四季 Breaking Bad Season 4","datePublished":"2011","rating":9.5,"image":"https://img2.doubanio.com/view/photo/s_ratio_poster/public/p2016506391.webp","url":"/subject/4927382/","detailsText":"导演: 亚当·伯恩斯坦 / 米歇尔·麦克拉伦 / 大卫·斯雷德 / 科林·巴克西 / 迈克尔·斯洛维斯 / 皮特·古尔德 / 约翰·伦克 / 泰瑞·麦克多诺 / 斯科特·怀南特 / 文斯·吉里根更多...\n        编剧: 文斯·吉里根 / 乔治·马斯塔斯 / 山姆·卡特林 / 莫伊拉·沃利-贝克特 / 托马斯·施纳泽 / 珍妮弗·哈奇森 / 皮特·古尔德更多...\n        主演: 布莱恩·克兰斯顿 / 亚伦·保尔 / 安娜·冈 / 吉安卡罗·埃斯波西托 / 鲍勃·奥登科克\n        类型: 剧情 / 犯罪\n        官方网站: http://www.amctv.com/shows/breaking-bad\n        制片国家/地区: 美国\n        语言: 英语 / 西班牙语\n        首播: 2011-07-17(美国)\n        季数: 4\n        集数: 13\n        单集片长: 45分钟\n        又名: 制毒师 第四季 / 超越罪恶 第四季 / 绝命毒师 第四季\n        IMDb: tt1683084"}
[2025-09-06T11:47:19.798Z] Title mismatch for 'Breaking Bad Season 3 Complete Pack': not found in douban title/details
[2025-09-06T11:47:19.799Z] Douban info for 'Breaking Bad Season 3 Complete Pack': {"title":"绝命毒师  第三季 Breaking Bad Season 3","datePublished":"2010","rating":9.3,"image":"https://img1.doubanio.com/view/photo/s_ratio_poster/public/p1674838460.webp","url":"/subject/4256328/","detailsText":"导演: 布莱恩·克兰斯顿 / 亚当·伯恩斯坦 / 米歇尔·麦克拉伦 / 斯科特·怀南特 / 约翰·伦克 / 约翰·施班 / 科林·巴克西 / 迈克尔·斯洛维斯 / 莱恩·约翰逊 / 文斯·吉里根更多...\n        编剧: 文斯·吉里根 / 皮特·古尔德 / 乔治·马斯塔斯 / 山姆·卡特林 / 莫伊拉·沃利-贝克特 / 约翰·施班 / 托马斯·施纳泽 / 珍妮弗·哈奇森更多...\n        主演: 布莱恩·克兰斯顿 / 亚伦·保尔 / 安娜·冈 / 吉安卡罗·埃斯波西托 / 迪恩·诺里斯 / 贝琪·勃兰特 / 大卫·科斯塔贝尔更多...\n        类型: 剧情 / 犯罪\n        官方网站: www.amctv.com/shows/breaking-bad\n        制片国家/地区: 美国\n        语言: 英语 / 汉语普通话\n        首播: 2010-03-21(美国)\n        季数: 3\n        集数: 13\n        单集片长: 45分钟\n        又名: 超越罪恶 第三季 / 致命毒师 第三季 / 制毒师 第三季 / 崩坏 第三季\n        IMDb: tt1528116"}
[2025-09-10T14:25:18.567Z] Loaded 8 cookies from DOUBAN_COOKIES_JSON.
[2025-09-10T14:25:18.661Z] Fatal error: 
Invalid `prisma.movie.findMany()` invocation in
/Users/yilong/Code/Work/movie-data-manager/scripts/douban-crawl.ts:307:39

  304 const page = await context.newPage();
  305 
  306 // Process all movies
→ 307 const movies = await prisma.movie.findMany(
error: Environment variable not found: DATABASE_URL.
  -->  schema.prisma:14
   | 
13 |   provider = "postgresql"
14 |   url      = env("DATABASE_URL")
   | 

Validation Error Count: 1
[2025-09-10T14:25:33.588Z] Loaded 8 cookies from DOUBAN_COOKIES_JSON.
[2025-09-10T14:25:33.666Z] Fatal error: 
Invalid `prisma.movie.findMany()` invocation in
/Users/yilong/Code/Work/movie-data-manager/scripts/douban-crawl.ts:307:39

  304 const page = await context.newPage();
  305 
  306 // Process all movies
→ 307 const movies = await prisma.movie.findMany(
error: Environment variable not found: DATABASE_URL.
  -->  schema.prisma:14
   | 
13 |   provider = "postgresql"
14 |   url      = env("DATABASE_URL")
   | 

Validation Error Count: 1
